[2023-11-07 04:45:35] production.ERROR: foreach() argument must be of type array|object, null given {"userId":1,"exception":"[object] (ErrorException(code: 0): foreach() argument must be of type array|object, null given at /home/mobidvab/public_html/core/app/Http/Controllers/Admin/ModulePageSettingsController.php:192)
[stacktrace]
#0 /home/mobidvab/public_html/core/app/Http/Controllers/Admin/ModulePageSettingsController.php(192): Illuminate\\Foundation\\Bootstrap\\HandleExceptions->handleError()
#1 /home/mobidvab/public_html/core/vendor/laravel/framework/src/Illuminate/Routing/Controller.php(54): App\\Http\\Controllers\\Admin\\ModulePageSettingsController->storeUserAuthPageSettings()
#2 /home/mobidvab/public_html/core/vendor/laravel/framework/src/Illuminate/Routing/ControllerDispatcher.php(45): Illuminate\\Routing\\Controller->callAction()
#3 /home/mobidvab/public_html/core/vendor/laravel/framework/src/Illuminate/Routing/Route.php(262): Illuminate\\Routing\\ControllerDispatcher->dispatch()
#4 /home/mobidvab/public_html/core/vendor/laravel/framework/src/Illuminate/Routing/Route.php(205): Illuminate\\Routing\\Route->runController()
#5 /home/mobidvab/public_html/core/vendor/laravel/framework/src/Illuminate/Routing/Router.php(721): Illuminate\\Routing\\Route->run()
#6 /home/mobidvab/public_html/core/vendor/laravel/framework/src/Illuminate/Pipeline/Pipeline.php(128): Illuminate\\Routing\\Router->Illuminate\\Routing\\{closure}()
#7 /home/mobidvab/public_html/core/vendor/spatie/laravel-permission/src/Middlewares/PermissionMiddleware.php(24): Illuminate\\Pipeline\\Pipeline->Illuminate\\Pipeline\\{closure}()
#8 /home/mobidvab/public_html/core/vendor/laravel/framework/src/Illuminate/Pipeline/Pipeline.php(167): Spatie\\Permission\\Middlewares\\PermissionMiddleware->handle()
#9 /home/mobidvab/public_html/core/vendor/spatie/laravel-permission/src/Middlewares/PermissionMiddleware.php(24): Illuminate\\Pipeline\\Pipeline->Illuminate\\Pipeline\\{closure}()
#10 /home/mobidvab/public_html/core/vendor/laravel/framework/src/Illuminate/Pipeline/Pipeline.php(167): Spatie\\Permission\\Middlewares\\PermissionMiddleware->handle()
#11 /home/mobidvab/public_html/core/vendor/spatie/laravel-permission/src/Middlewares/PermissionMiddleware.php(24): Illuminate\\Pipeline\\Pipeline->Illuminate\\Pipeline\\{closure}()
#12 /home/mobidvab/public_html/core/vendor/laravel/framework/src/Illuminate/Pipeline/Pipeline.php(167): Spatie\\Permission\\Middlewares\\PermissionMiddleware->handle()
#13 /home/mobidvab/public_html/core/vendor/spatie/laravel-permission/src/Middlewares/PermissionMiddleware.php(24): Illuminate\\Pipeline\\Pipeline->Illuminate\\Pipeline\\{closure}()
#14 /home/mobidvab/public_html/core/vendor/laravel/framework/src/Illuminate/Pipeline/Pipeline.php(167): Spatie\\Permission\\Middlewares\\PermissionMiddleware->handle()
#15 /home/mobidvab/public_html/core/vendor/spatie/laravel-permission/src/Middlewares/PermissionMiddleware.php(24): Illuminate\\Pipeline\\Pipeline->Illuminate\\Pipeline\\{closure}()
#16 /home/mobidvab/public_html/core/vendor/laravel/framework/src/Illuminate/Pipeline/Pipeline.php(167): Spatie\\Permission\\Middlewares\\PermissionMiddleware->handle()
#17 /home/mobidvab/public_html/core/vendor/spatie/laravel-permission/src/Middlewares/PermissionMiddleware.php(24): Illuminate\\Pipeline\\Pipeline->Illuminate\\Pipeline\\{closure}()
#18 /home/mobidvab/public_html/core/vendor/laravel/framework/src/Illuminate/Pipeline/Pipeline.php(167): Spatie\\Permission\\Middlewares\\PermissionMiddleware->handle()
#19 /home/mobidvab/public_html/core/vendor/spatie/laravel-permission/src/Middlewares/PermissionMiddleware.php(24): Illuminate\\Pipeline\\Pipeline->Illuminate\\Pipeline\\{closure}()
#20 /home/mobidvab/public_html/core/vendor/laravel/framework/src/Illuminate/Pipeline/Pipeline.php(167): Spatie\\Permission\\Middlewares\\PermissionMiddleware->handle()
#21 /home/mobidvab/public_html/core/app/Http/Middleware/AdminGlobalVariable.php(34): Illuminate\\Pipeline\\Pipeline->Illuminate\\Pipeline\\{closure}()
#22 /home/mobidvab/public_html/core/vendor/laravel/framework/src/Illuminate/Pipeline/Pipeline.php(167): App\\Http\\Middleware\\AdminGlobalVariable->handle()
#23 /home/mobidvab/public_html/core/app/Http/Middleware/SetLang.php(28): Illuminate\\Pipeline\\Pipeline->Illuminate\\Pipeline\\{closure}()
#24 /home/mobidvab/public_html/core/vendor/laravel/framework/src/Illuminate/Pipeline/Pipeline.php(167): App\\Http\\Middleware\\SetLang->handle()
#25 /home/mobidvab/public_html/core/vendor/laravel/framework/src/Illuminate/Routing/Middleware/SubstituteBindings.php(50): Illuminate\\Pipeline\\Pipeline->Illuminate\\Pipeline\\{closure}()
#26 /home/mobidvab/public_html/core/vendor/laravel/framework/src/Illuminate/Pipeline/Pipeline.php(167): Illuminate\\Routing\\Middleware\\SubstituteBindings->handle()
#27 /home/mobidvab/public_html/core/vendor/laravel/framework/src/Illuminate/Auth/Middleware/Authenticate.php(44): Illuminate\\Pipeline\\Pipeline->Illuminate\\Pipeline\\{closure}()
#28 /home/mobidvab/public_html/core/vendor/laravel/framework/src/Illuminate/Pipeline/Pipeline.php(167): Illuminate\\Auth\\Middleware\\Authenticate->handle()
#29 /home/mobidvab/public_html/core/vendor/laravel/framework/src/Illuminate/Foundation/Http/Middleware/VerifyCsrfToken.php(78): Illuminate\\Pipeline\\Pipeline->Illuminate\\Pipeline\\{closure}()
#30 /home/mobidvab/public_html/core/vendor/laravel/framework/src/Illuminate/Pipeline/Pipeline.php(167): Illuminate\\Foundation\\Http\\Middleware\\VerifyCsrfToken->handle()
#31 /home/mobidvab/public_html/core/vendor/laravel/framework/src/Illuminate/View/Middleware/ShareErrorsFromSession.php(49): Illuminate\\Pipeline\\Pipeline->Illuminate\\Pipeline\\{closure}()
#32 /home/mobidvab/public_html/core/vendor/laravel/framework/src/Illuminate/Pipeline/Pipeline.php(167): Illuminate\\View\\Middleware\\ShareErrorsFromSession->handle()
#33 /home/mobidvab/public_html/core/vendor/laravel/framework/src/Illuminate/Session/Middleware/StartSession.php(121): Illuminate\\Pipeline\\Pipeline->Illuminate\\Pipeline\\{closure}()
#34 /home/mobidvab/public_html/core/vendor/laravel/framework/src/Illuminate/Session/Middleware/StartSession.php(64): Illuminate\\Session\\Middleware\\StartSession->handleStatefulRequest()
#35 /home/mobidvab/public_html/core/vendor/laravel/framework/src/Illuminate/Pipeline/Pipeline.php(167): Illuminate\\Session\\Middleware\\StartSession->handle()
#36 /home/mobidvab/public_html/core/vendor/laravel/framework/src/Illuminate/Cookie/Middleware/AddQueuedCookiesToResponse.php(37): Illuminate\\Pipeline\\Pipeline->Illuminate\\Pipeline\\{closure}()
#37 /home/mobidvab/public_html/core/vendor/laravel/framework/src/Illuminate/Pipeline/Pipeline.php(167): Illuminate\\Cookie\\Middleware\\AddQueuedCookiesToResponse->handle()
#38 /home/mobidvab/public_html/core/vendor/laravel/framework/src/Illuminate/Cookie/Middleware/EncryptCookies.php(67): Illuminate\\Pipeline\\Pipeline->Illuminate\\Pipeline\\{closure}()
#39 /home/mobidvab/public_html/core/vendor/laravel/framework/src/Illuminate/Pipeline/Pipeline.php(167): Illuminate\\Cookie\\Middleware\\EncryptCookies->handle()
#40 /home/mobidvab/public_html/core/vendor/laravel/framework/src/Illuminate/Pipeline/Pipeline.php(103): Illuminate\\Pipeline\\Pipeline->Illuminate\\Pipeline\\{closure}()
#41 /home/mobidvab/public_html/core/vendor/laravel/framework/src/Illuminate/Routing/Router.php(723): Illuminate\\Pipeline\\Pipeline->then()
#42 /home/mobidvab/public_html/core/vendor/laravel/framework/src/Illuminate/Routing/Router.php(698): Illuminate\\Routing\\Router->runRouteWithinStack()
#43 /home/mobidvab/public_html/core/vendor/laravel/framework/src/Illuminate/Routing/Router.php(662): Illuminate\\Routing\\Router->runRoute()
#44 /home/mobidvab/public_html/core/vendor/laravel/framework/src/Illuminate/Routing/Router.php(651): Illuminate\\Routing\\Router->dispatchToRoute()
#45 /home/mobidvab/public_html/core/vendor/laravel/framework/src/Illuminate/Foundation/Http/Kernel.php(167): Illuminate\\Routing\\Router->dispatch()
#46 /home/mobidvab/public_html/core/vendor/laravel/framework/src/Illuminate/Pipeline/Pipeline.php(128): Illuminate\\Foundation\\Http\\Kernel->Illuminate\\Foundation\\Http\\{closure}()
#47 /home/mobidvab/public_html/core/vendor/laravel/framework/src/Illuminate/Foundation/Http/Middleware/TransformsRequest.php(21): Illuminate\\Pipeline\\Pipeline->Illuminate\\Pipeline\\{closure}()
#48 /home/mobidvab/public_html/core/vendor/laravel/framework/src/Illuminate/Foundation/Http/Middleware/ConvertEmptyStringsToNull.php(31): Illuminate\\Foundation\\Http\\Middleware\\TransformsRequest->handle()
#49 /home/mobidvab/public_html/core/vendor/laravel/framework/src/Illuminate/Pipeline/Pipeline.php(167): Illuminate\\Foundation\\Http\\Middleware\\ConvertEmptyStringsToNull->handle()
#50 /home/mobidvab/public_html/core/vendor/laravel/framework/src/Illuminate/Foundation/Http/Middleware/TransformsRequest.php(21): Illuminate\\Pipeline\\Pipeline->Illuminate\\Pipeline\\{closure}()
#51 /home/mobidvab/public_html/core/vendor/laravel/framework/src/Illuminate/Foundation/Http/Middleware/TrimStrings.php(40): Illuminate\\Foundation\\Http\\Middleware\\TransformsRequest->handle()
#52 /home/mobidvab/public_html/core/vendor/laravel/framework/src/Illuminate/Pipeline/Pipeline.php(167): Illuminate\\Foundation\\Http\\Middleware\\TrimStrings->handle()
#53 /home/mobidvab/public_html/core/vendor/laravel/framework/src/Illuminate/Foundation/Http/Middleware/ValidatePostSize.php(27): Illuminate\\Pipeline\\Pipeline->Illuminate\\Pipeline\\{closure}()
#54 /home/mobidvab/public_html/core/vendor/laravel/framework/src/Illuminate/Pipeline/Pipeline.php(167): Illuminate\\Foundation\\Http\\Middleware\\ValidatePostSize->handle()
#55 /home/mobidvab/public_html/core/vendor/laravel/framework/src/Illuminate/Foundation/Http/Middleware/PreventRequestsDuringMaintenance.php(86): Illuminate\\Pipeline\\Pipeline->Illuminate\\Pipeline\\{closure}()
#56 /home/mobidvab/public_html/core/vendor/laravel/framework/src/Illuminate/Pipeline/Pipeline.php(167): Illuminate\\Foundation\\Http\\Middleware\\PreventRequestsDuringMaintenance->handle()
#57 /home/mobidvab/public_html/core/vendor/fideloper/proxy/src/TrustProxies.php(57): Illuminate\\Pipeline\\Pipeline->Illuminate\\Pipeline\\{closure}()
#58 /home/mobidvab/public_html/core/vendor/laravel/framework/src/Illuminate/Pipeline/Pipeline.php(167): Fideloper\\Proxy\\TrustProxies->handle()
#59 /home/mobidvab/public_html/core/vendor/laravel/framework/src/Illuminate/Pipeline/Pipeline.php(103): Illuminate\\Pipeline\\Pipeline->Illuminate\\Pipeline\\{closure}()
#60 /home/mobidvab/public_html/core/vendor/laravel/framework/src/Illuminate/Foundation/Http/Kernel.php(142): Illuminate\\Pipeline\\Pipeline->then()
#61 /home/mobidvab/public_html/core/vendor/laravel/framework/src/Illuminate/Foundation/Http/Kernel.php(111): Illuminate\\Foundation\\Http\\Kernel->sendRequestThroughRouter()
#62 /home/mobidvab/public_html/index.php(73): Illuminate\\Foundation\\Http\\Kernel->handle()
#63 {main}
"} 
[2023-11-07 04:45:49] production.ERROR: foreach() argument must be of type array|object, null given {"userId":1,"exception":"[object] (ErrorException(code: 0): foreach() argument must be of type array|object, null given at /home/mobidvab/public_html/core/app/Http/Controllers/Admin/ModulePageSettingsController.php:192)
[stacktrace]
#0 /home/mobidvab/public_html/core/app/Http/Controllers/Admin/ModulePageSettingsController.php(192): Illuminate\\Foundation\\Bootstrap\\HandleExceptions->handleError()
#1 /home/mobidvab/public_html/core/vendor/laravel/framework/src/Illuminate/Routing/Controller.php(54): App\\Http\\Controllers\\Admin\\ModulePageSettingsController->storeUserAuthPageSettings()
#2 /home/mobidvab/public_html/core/vendor/laravel/framework/src/Illuminate/Routing/ControllerDispatcher.php(45): Illuminate\\Routing\\Controller->callAction()
#3 /home/mobidvab/public_html/core/vendor/laravel/framework/src/Illuminate/Routing/Route.php(262): Illuminate\\Routing\\ControllerDispatcher->dispatch()
#4 /home/mobidvab/public_html/core/vendor/laravel/framework/src/Illuminate/Routing/Route.php(205): Illuminate\\Routing\\Route->runController()
#5 /home/mobidvab/public_html/core/vendor/laravel/framework/src/Illuminate/Routing/Router.php(721): Illuminate\\Routing\\Route->run()
#6 /home/mobidvab/public_html/core/vendor/laravel/framework/src/Illuminate/Pipeline/Pipeline.php(128): Illuminate\\Routing\\Router->Illuminate\\Routing\\{closure}()
#7 /home/mobidvab/public_html/core/vendor/spatie/laravel-permission/src/Middlewares/PermissionMiddleware.php(24): Illuminate\\Pipeline\\Pipeline->Illuminate\\Pipeline\\{closure}()
#8 /home/mobidvab/public_html/core/vendor/laravel/framework/src/Illuminate/Pipeline/Pipeline.php(167): Spatie\\Permission\\Middlewares\\PermissionMiddleware->handle()
#9 /home/mobidvab/public_html/core/vendor/spatie/laravel-permission/src/Middlewares/PermissionMiddleware.php(24): Illuminate\\Pipeline\\Pipeline->Illuminate\\Pipeline\\{closure}()
#10 /home/mobidvab/public_html/core/vendor/laravel/framework/src/Illuminate/Pipeline/Pipeline.php(167): Spatie\\Permission\\Middlewares\\PermissionMiddleware->handle()
#11 /home/mobidvab/public_html/core/vendor/spatie/laravel-permission/src/Middlewares/PermissionMiddleware.php(24): Illuminate\\Pipeline\\Pipeline->Illuminate\\Pipeline\\{closure}()
#12 /home/mobidvab/public_html/core/vendor/laravel/framework/src/Illuminate/Pipeline/Pipeline.php(167): Spatie\\Permission\\Middlewares\\PermissionMiddleware->handle()
#13 /home/mobidvab/public_html/core/vendor/spatie/laravel-permission/src/Middlewares/PermissionMiddleware.php(24): Illuminate\\Pipeline\\Pipeline->Illuminate\\Pipeline\\{closure}()
#14 /home/mobidvab/public_html/core/vendor/laravel/framework/src/Illuminate/Pipeline/Pipeline.php(167): Spatie\\Permission\\Middlewares\\PermissionMiddleware->handle()
#15 /home/mobidvab/public_html/core/vendor/spatie/laravel-permission/src/Middlewares/PermissionMiddleware.php(24): Illuminate\\Pipeline\\Pipeline->Illuminate\\Pipeline\\{closure}()
#16 /home/mobidvab/public_html/core/vendor/laravel/framework/src/Illuminate/Pipeline/Pipeline.php(167): Spatie\\Permission\\Middlewares\\PermissionMiddleware->handle()
#17 /home/mobidvab/public_html/core/vendor/spatie/laravel-permission/src/Middlewares/PermissionMiddleware.php(24): Illuminate\\Pipeline\\Pipeline->Illuminate\\Pipeline\\{closure}()
#18 /home/mobidvab/public_html/core/vendor/laravel/framework/src/Illuminate/Pipeline/Pipeline.php(167): Spatie\\Permission\\Middlewares\\PermissionMiddleware->handle()
#19 /home/mobidvab/public_html/core/vendor/spatie/laravel-permission/src/Middlewares/PermissionMiddleware.php(24): Illuminate\\Pipeline\\Pipeline->Illuminate\\Pipeline\\{closure}()
#20 /home/mobidvab/public_html/core/vendor/laravel/framework/src/Illuminate/Pipeline/Pipeline.php(167): Spatie\\Permission\\Middlewares\\PermissionMiddleware->handle()
#21 /home/mobidvab/public_html/core/app/Http/Middleware/AdminGlobalVariable.php(34): Illuminate\\Pipeline\\Pipeline->Illuminate\\Pipeline\\{closure}()
#22 /home/mobidvab/public_html/core/vendor/laravel/framework/src/Illuminate/Pipeline/Pipeline.php(167): App\\Http\\Middleware\\AdminGlobalVariable->handle()
#23 /home/mobidvab/public_html/core/app/Http/Middleware/SetLang.php(28): Illuminate\\Pipeline\\Pipeline->Illuminate\\Pipeline\\{closure}()
#24 /home/mobidvab/public_html/core/vendor/laravel/framework/src/Illuminate/Pipeline/Pipeline.php(167): App\\Http\\Middleware\\SetLang->handle()
#25 /home/mobidvab/public_html/core/vendor/laravel/framework/src/Illuminate/Routing/Middleware/SubstituteBindings.php(50): Illuminate\\Pipeline\\Pipeline->Illuminate\\Pipeline\\{closure}()
#26 /home/mobidvab/public_html/core/vendor/laravel/framework/src/Illuminate/Pipeline/Pipeline.php(167): Illuminate\\Routing\\Middleware\\SubstituteBindings->handle()
#27 /home/mobidvab/public_html/core/vendor/laravel/framework/src/Illuminate/Auth/Middleware/Authenticate.php(44): Illuminate\\Pipeline\\Pipeline->Illuminate\\Pipeline\\{closure}()
#28 /home/mobidvab/public_html/core/vendor/laravel/framework/src/Illuminate/Pipeline/Pipeline.php(167): Illuminate\\Auth\\Middleware\\Authenticate->handle()
#29 /home/mobidvab/public_html/core/vendor/laravel/framework/src/Illuminate/Foundation/Http/Middleware/VerifyCsrfToken.php(78): Illuminate\\Pipeline\\Pipeline->Illuminate\\Pipeline\\{closure}()
#30 /home/mobidvab/public_html/core/vendor/laravel/framework/src/Illuminate/Pipeline/Pipeline.php(167): Illuminate\\Foundation\\Http\\Middleware\\VerifyCsrfToken->handle()
#31 /home/mobidvab/public_html/core/vendor/laravel/framework/src/Illuminate/View/Middleware/ShareErrorsFromSession.php(49): Illuminate\\Pipeline\\Pipeline->Illuminate\\Pipeline\\{closure}()
#32 /home/mobidvab/public_html/core/vendor/laravel/framework/src/Illuminate/Pipeline/Pipeline.php(167): Illuminate\\View\\Middleware\\ShareErrorsFromSession->handle()
#33 /home/mobidvab/public_html/core/vendor/laravel/framework/src/Illuminate/Session/Middleware/StartSession.php(121): Illuminate\\Pipeline\\Pipeline->Illuminate\\Pipeline\\{closure}()
#34 /home/mobidvab/public_html/core/vendor/laravel/framework/src/Illuminate/Session/Middleware/StartSession.php(64): Illuminate\\Session\\Middleware\\StartSession->handleStatefulRequest()
#35 /home/mobidvab/public_html/core/vendor/laravel/framework/src/Illuminate/Pipeline/Pipeline.php(167): Illuminate\\Session\\Middleware\\StartSession->handle()
#36 /home/mobidvab/public_html/core/vendor/laravel/framework/src/Illuminate/Cookie/Middleware/AddQueuedCookiesToResponse.php(37): Illuminate\\Pipeline\\Pipeline->Illuminate\\Pipeline\\{closure}()
#37 /home/mobidvab/public_html/core/vendor/laravel/framework/src/Illuminate/Pipeline/Pipeline.php(167): Illuminate\\Cookie\\Middleware\\AddQueuedCookiesToResponse->handle()
#38 /home/mobidvab/public_html/core/vendor/laravel/framework/src/Illuminate/Cookie/Middleware/EncryptCookies.php(67): Illuminate\\Pipeline\\Pipeline->Illuminate\\Pipeline\\{closure}()
#39 /home/mobidvab/public_html/core/vendor/laravel/framework/src/Illuminate/Pipeline/Pipeline.php(167): Illuminate\\Cookie\\Middleware\\EncryptCookies->handle()
#40 /home/mobidvab/public_html/core/vendor/laravel/framework/src/Illuminate/Pipeline/Pipeline.php(103): Illuminate\\Pipeline\\Pipeline->Illuminate\\Pipeline\\{closure}()
#41 /home/mobidvab/public_html/core/vendor/laravel/framework/src/Illuminate/Routing/Router.php(723): Illuminate\\Pipeline\\Pipeline->then()
#42 /home/mobidvab/public_html/core/vendor/laravel/framework/src/Illuminate/Routing/Router.php(698): Illuminate\\Routing\\Router->runRouteWithinStack()
#43 /home/mobidvab/public_html/core/vendor/laravel/framework/src/Illuminate/Routing/Router.php(662): Illuminate\\Routing\\Router->runRoute()
#44 /home/mobidvab/public_html/core/vendor/laravel/framework/src/Illuminate/Routing/Router.php(651): Illuminate\\Routing\\Router->dispatchToRoute()
#45 /home/mobidvab/public_html/core/vendor/laravel/framework/src/Illuminate/Foundation/Http/Kernel.php(167): Illuminate\\Routing\\Router->dispatch()
#46 /home/mobidvab/public_html/core/vendor/laravel/framework/src/Illuminate/Pipeline/Pipeline.php(128): Illuminate\\Foundation\\Http\\Kernel->Illuminate\\Foundation\\Http\\{closure}()
#47 /home/mobidvab/public_html/core/vendor/laravel/framework/src/Illuminate/Foundation/Http/Middleware/TransformsRequest.php(21): Illuminate\\Pipeline\\Pipeline->Illuminate\\Pipeline\\{closure}()
#48 /home/mobidvab/public_html/core/vendor/laravel/framework/src/Illuminate/Foundation/Http/Middleware/ConvertEmptyStringsToNull.php(31): Illuminate\\Foundation\\Http\\Middleware\\TransformsRequest->handle()
#49 /home/mobidvab/public_html/core/vendor/laravel/framework/src/Illuminate/Pipeline/Pipeline.php(167): Illuminate\\Foundation\\Http\\Middleware\\ConvertEmptyStringsToNull->handle()
#50 /home/mobidvab/public_html/core/vendor/laravel/framework/src/Illuminate/Foundation/Http/Middleware/TransformsRequest.php(21): Illuminate\\Pipeline\\Pipeline->Illuminate\\Pipeline\\{closure}()
#51 /home/mobidvab/public_html/core/vendor/laravel/framework/src/Illuminate/Foundation/Http/Middleware/TrimStrings.php(40): Illuminate\\Foundation\\Http\\Middleware\\TransformsRequest->handle()
#52 /home/mobidvab/public_html/core/vendor/laravel/framework/src/Illuminate/Pipeline/Pipeline.php(167): Illuminate\\Foundation\\Http\\Middleware\\TrimStrings->handle()
#53 /home/mobidvab/public_html/core/vendor/laravel/framework/src/Illuminate/Foundation/Http/Middleware/ValidatePostSize.php(27): Illuminate\\Pipeline\\Pipeline->Illuminate\\Pipeline\\{closure}()
#54 /home/mobidvab/public_html/core/vendor/laravel/framework/src/Illuminate/Pipeline/Pipeline.php(167): Illuminate\\Foundation\\Http\\Middleware\\ValidatePostSize->handle()
#55 /home/mobidvab/public_html/core/vendor/laravel/framework/src/Illuminate/Foundation/Http/Middleware/PreventRequestsDuringMaintenance.php(86): Illuminate\\Pipeline\\Pipeline->Illuminate\\Pipeline\\{closure}()
#56 /home/mobidvab/public_html/core/vendor/laravel/framework/src/Illuminate/Pipeline/Pipeline.php(167): Illuminate\\Foundation\\Http\\Middleware\\PreventRequestsDuringMaintenance->handle()
#57 /home/mobidvab/public_html/core/vendor/fideloper/proxy/src/TrustProxies.php(57): Illuminate\\Pipeline\\Pipeline->Illuminate\\Pipeline\\{closure}()
#58 /home/mobidvab/public_html/core/vendor/laravel/framework/src/Illuminate/Pipeline/Pipeline.php(167): Fideloper\\Proxy\\TrustProxies->handle()
#59 /home/mobidvab/public_html/core/vendor/laravel/framework/src/Illuminate/Pipeline/Pipeline.php(103): Illuminate\\Pipeline\\Pipeline->Illuminate\\Pipeline\\{closure}()
#60 /home/mobidvab/public_html/core/vendor/laravel/framework/src/Illuminate/Foundation/Http/Kernel.php(142): Illuminate\\Pipeline\\Pipeline->then()
#61 /home/mobidvab/public_html/core/vendor/laravel/framework/src/Illuminate/Foundation/Http/Kernel.php(111): Illuminate\\Foundation\\Http\\Kernel->sendRequestThroughRouter()
#62 /home/mobidvab/public_html/index.php(73): Illuminate\\Foundation\\Http\\Kernel->handle()
#63 {main}
"} 
[2023-11-07 04:52:14] production.ERROR: foreach() argument must be of type array|object, null given {"userId":1,"exception":"[object] (ErrorException(code: 0): foreach() argument must be of type array|object, null given at /home/mobidvab/public_html/core/app/Http/Controllers/Admin/ModulePageSettingsController.php:192)
[stacktrace]
#0 /home/mobidvab/public_html/core/app/Http/Controllers/Admin/ModulePageSettingsController.php(192): Illuminate\\Foundation\\Bootstrap\\HandleExceptions->handleError()
#1 /home/mobidvab/public_html/core/vendor/laravel/framework/src/Illuminate/Routing/Controller.php(54): App\\Http\\Controllers\\Admin\\ModulePageSettingsController->storeUserAuthPageSettings()
#2 /home/mobidvab/public_html/core/vendor/laravel/framework/src/Illuminate/Routing/ControllerDispatcher.php(45): Illuminate\\Routing\\Controller->callAction()
#3 /home/mobidvab/public_html/core/vendor/laravel/framework/src/Illuminate/Routing/Route.php(262): Illuminate\\Routing\\ControllerDispatcher->dispatch()
#4 /home/mobidvab/public_html/core/vendor/laravel/framework/src/Illuminate/Routing/Route.php(205): Illuminate\\Routing\\Route->runController()
#5 /home/mobidvab/public_html/core/vendor/laravel/framework/src/Illuminate/Routing/Router.php(721): Illuminate\\Routing\\Route->run()
#6 /home/mobidvab/public_html/core/vendor/laravel/framework/src/Illuminate/Pipeline/Pipeline.php(128): Illuminate\\Routing\\Router->Illuminate\\Routing\\{closure}()
#7 /home/mobidvab/public_html/core/vendor/spatie/laravel-permission/src/Middlewares/PermissionMiddleware.php(24): Illuminate\\Pipeline\\Pipeline->Illuminate\\Pipeline\\{closure}()
#8 /home/mobidvab/public_html/core/vendor/laravel/framework/src/Illuminate/Pipeline/Pipeline.php(167): Spatie\\Permission\\Middlewares\\PermissionMiddleware->handle()
#9 /home/mobidvab/public_html/core/vendor/spatie/laravel-permission/src/Middlewares/PermissionMiddleware.php(24): Illuminate\\Pipeline\\Pipeline->Illuminate\\Pipeline\\{closure}()
#10 /home/mobidvab/public_html/core/vendor/laravel/framework/src/Illuminate/Pipeline/Pipeline.php(167): Spatie\\Permission\\Middlewares\\PermissionMiddleware->handle()
#11 /home/mobidvab/public_html/core/vendor/spatie/laravel-permission/src/Middlewares/PermissionMiddleware.php(24): Illuminate\\Pipeline\\Pipeline->Illuminate\\Pipeline\\{closure}()
#12 /home/mobidvab/public_html/core/vendor/laravel/framework/src/Illuminate/Pipeline/Pipeline.php(167): Spatie\\Permission\\Middlewares\\PermissionMiddleware->handle()
#13 /home/mobidvab/public_html/core/vendor/spatie/laravel-permission/src/Middlewares/PermissionMiddleware.php(24): Illuminate\\Pipeline\\Pipeline->Illuminate\\Pipeline\\{closure}()
#14 /home/mobidvab/public_html/core/vendor/laravel/framework/src/Illuminate/Pipeline/Pipeline.php(167): Spatie\\Permission\\Middlewares\\PermissionMiddleware->handle()
#15 /home/mobidvab/public_html/core/vendor/spatie/laravel-permission/src/Middlewares/PermissionMiddleware.php(24): Illuminate\\Pipeline\\Pipeline->Illuminate\\Pipeline\\{closure}()
#16 /home/mobidvab/public_html/core/vendor/laravel/framework/src/Illuminate/Pipeline/Pipeline.php(167): Spatie\\Permission\\Middlewares\\PermissionMiddleware->handle()
#17 /home/mobidvab/public_html/core/vendor/spatie/laravel-permission/src/Middlewares/PermissionMiddleware.php(24): Illuminate\\Pipeline\\Pipeline->Illuminate\\Pipeline\\{closure}()
#18 /home/mobidvab/public_html/core/vendor/laravel/framework/src/Illuminate/Pipeline/Pipeline.php(167): Spatie\\Permission\\Middlewares\\PermissionMiddleware->handle()
#19 /home/mobidvab/public_html/core/vendor/spatie/laravel-permission/src/Middlewares/PermissionMiddleware.php(24): Illuminate\\Pipeline\\Pipeline->Illuminate\\Pipeline\\{closure}()
#20 /home/mobidvab/public_html/core/vendor/laravel/framework/src/Illuminate/Pipeline/Pipeline.php(167): Spatie\\Permission\\Middlewares\\PermissionMiddleware->handle()
#21 /home/mobidvab/public_html/core/app/Http/Middleware/AdminGlobalVariable.php(34): Illuminate\\Pipeline\\Pipeline->Illuminate\\Pipeline\\{closure}()
#22 /home/mobidvab/public_html/core/vendor/laravel/framework/src/Illuminate/Pipeline/Pipeline.php(167): App\\Http\\Middleware\\AdminGlobalVariable->handle()
#23 /home/mobidvab/public_html/core/app/Http/Middleware/SetLang.php(28): Illuminate\\Pipeline\\Pipeline->Illuminate\\Pipeline\\{closure}()
#24 /home/mobidvab/public_html/core/vendor/laravel/framework/src/Illuminate/Pipeline/Pipeline.php(167): App\\Http\\Middleware\\SetLang->handle()
#25 /home/mobidvab/public_html/core/vendor/laravel/framework/src/Illuminate/Routing/Middleware/SubstituteBindings.php(50): Illuminate\\Pipeline\\Pipeline->Illuminate\\Pipeline\\{closure}()
#26 /home/mobidvab/public_html/core/vendor/laravel/framework/src/Illuminate/Pipeline/Pipeline.php(167): Illuminate\\Routing\\Middleware\\SubstituteBindings->handle()
#27 /home/mobidvab/public_html/core/vendor/laravel/framework/src/Illuminate/Auth/Middleware/Authenticate.php(44): Illuminate\\Pipeline\\Pipeline->Illuminate\\Pipeline\\{closure}()
#28 /home/mobidvab/public_html/core/vendor/laravel/framework/src/Illuminate/Pipeline/Pipeline.php(167): Illuminate\\Auth\\Middleware\\Authenticate->handle()
#29 /home/mobidvab/public_html/core/vendor/laravel/framework/src/Illuminate/Foundation/Http/Middleware/VerifyCsrfToken.php(78): Illuminate\\Pipeline\\Pipeline->Illuminate\\Pipeline\\{closure}()
#30 /home/mobidvab/public_html/core/vendor/laravel/framework/src/Illuminate/Pipeline/Pipeline.php(167): Illuminate\\Foundation\\Http\\Middleware\\VerifyCsrfToken->handle()
#31 /home/mobidvab/public_html/core/vendor/laravel/framework/src/Illuminate/View/Middleware/ShareErrorsFromSession.php(49): Illuminate\\Pipeline\\Pipeline->Illuminate\\Pipeline\\{closure}()
#32 /home/mobidvab/public_html/core/vendor/laravel/framework/src/Illuminate/Pipeline/Pipeline.php(167): Illuminate\\View\\Middleware\\ShareErrorsFromSession->handle()
#33 /home/mobidvab/public_html/core/vendor/laravel/framework/src/Illuminate/Session/Middleware/StartSession.php(121): Illuminate\\Pipeline\\Pipeline->Illuminate\\Pipeline\\{closure}()
#34 /home/mobidvab/public_html/core/vendor/laravel/framework/src/Illuminate/Session/Middleware/StartSession.php(64): Illuminate\\Session\\Middleware\\StartSession->handleStatefulRequest()
#35 /home/mobidvab/public_html/core/vendor/laravel/framework/src/Illuminate/Pipeline/Pipeline.php(167): Illuminate\\Session\\Middleware\\StartSession->handle()
#36 /home/mobidvab/public_html/core/vendor/laravel/framework/src/Illuminate/Cookie/Middleware/AddQueuedCookiesToResponse.php(37): Illuminate\\Pipeline\\Pipeline->Illuminate\\Pipeline\\{closure}()
#37 /home/mobidvab/public_html/core/vendor/laravel/framework/src/Illuminate/Pipeline/Pipeline.php(167): Illuminate\\Cookie\\Middleware\\AddQueuedCookiesToResponse->handle()
#38 /home/mobidvab/public_html/core/vendor/laravel/framework/src/Illuminate/Cookie/Middleware/EncryptCookies.php(67): Illuminate\\Pipeline\\Pipeline->Illuminate\\Pipeline\\{closure}()
#39 /home/mobidvab/public_html/core/vendor/laravel/framework/src/Illuminate/Pipeline/Pipeline.php(167): Illuminate\\Cookie\\Middleware\\EncryptCookies->handle()
#40 /home/mobidvab/public_html/core/vendor/laravel/framework/src/Illuminate/Pipeline/Pipeline.php(103): Illuminate\\Pipeline\\Pipeline->Illuminate\\Pipeline\\{closure}()
#41 /home/mobidvab/public_html/core/vendor/laravel/framework/src/Illuminate/Routing/Router.php(723): Illuminate\\Pipeline\\Pipeline->then()
#42 /home/mobidvab/public_html/core/vendor/laravel/framework/src/Illuminate/Routing/Router.php(698): Illuminate\\Routing\\Router->runRouteWithinStack()
#43 /home/mobidvab/public_html/core/vendor/laravel/framework/src/Illuminate/Routing/Router.php(662): Illuminate\\Routing\\Router->runRoute()
#44 /home/mobidvab/public_html/core/vendor/laravel/framework/src/Illuminate/Routing/Router.php(651): Illuminate\\Routing\\Router->dispatchToRoute()
#45 /home/mobidvab/public_html/core/vendor/laravel/framework/src/Illuminate/Foundation/Http/Kernel.php(167): Illuminate\\Routing\\Router->dispatch()
#46 /home/mobidvab/public_html/core/vendor/laravel/framework/src/Illuminate/Pipeline/Pipeline.php(128): Illuminate\\Foundation\\Http\\Kernel->Illuminate\\Foundation\\Http\\{closure}()
#47 /home/mobidvab/public_html/core/vendor/laravel/framework/src/Illuminate/Foundation/Http/Middleware/TransformsRequest.php(21): Illuminate\\Pipeline\\Pipeline->Illuminate\\Pipeline\\{closure}()
#48 /home/mobidvab/public_html/core/vendor/laravel/framework/src/Illuminate/Foundation/Http/Middleware/ConvertEmptyStringsToNull.php(31): Illuminate\\Foundation\\Http\\Middleware\\TransformsRequest->handle()
#49 /home/mobidvab/public_html/core/vendor/laravel/framework/src/Illuminate/Pipeline/Pipeline.php(167): Illuminate\\Foundation\\Http\\Middleware\\ConvertEmptyStringsToNull->handle()
#50 /home/mobidvab/public_html/core/vendor/laravel/framework/src/Illuminate/Foundation/Http/Middleware/TransformsRequest.php(21): Illuminate\\Pipeline\\Pipeline->Illuminate\\Pipeline\\{closure}()
#51 /home/mobidvab/public_html/core/vendor/laravel/framework/src/Illuminate/Foundation/Http/Middleware/TrimStrings.php(40): Illuminate\\Foundation\\Http\\Middleware\\TransformsRequest->handle()
#52 /home/mobidvab/public_html/core/vendor/laravel/framework/src/Illuminate/Pipeline/Pipeline.php(167): Illuminate\\Foundation\\Http\\Middleware\\TrimStrings->handle()
#53 /home/mobidvab/public_html/core/vendor/laravel/framework/src/Illuminate/Foundation/Http/Middleware/ValidatePostSize.php(27): Illuminate\\Pipeline\\Pipeline->Illuminate\\Pipeline\\{closure}()
#54 /home/mobidvab/public_html/core/vendor/laravel/framework/src/Illuminate/Pipeline/Pipeline.php(167): Illuminate\\Foundation\\Http\\Middleware\\ValidatePostSize->handle()
#55 /home/mobidvab/public_html/core/vendor/laravel/framework/src/Illuminate/Foundation/Http/Middleware/PreventRequestsDuringMaintenance.php(86): Illuminate\\Pipeline\\Pipeline->Illuminate\\Pipeline\\{closure}()
#56 /home/mobidvab/public_html/core/vendor/laravel/framework/src/Illuminate/Pipeline/Pipeline.php(167): Illuminate\\Foundation\\Http\\Middleware\\PreventRequestsDuringMaintenance->handle()
#57 /home/mobidvab/public_html/core/vendor/fideloper/proxy/src/TrustProxies.php(57): Illuminate\\Pipeline\\Pipeline->Illuminate\\Pipeline\\{closure}()
#58 /home/mobidvab/public_html/core/vendor/laravel/framework/src/Illuminate/Pipeline/Pipeline.php(167): Fideloper\\Proxy\\TrustProxies->handle()
#59 /home/mobidvab/public_html/core/vendor/laravel/framework/src/Illuminate/Pipeline/Pipeline.php(103): Illuminate\\Pipeline\\Pipeline->Illuminate\\Pipeline\\{closure}()
#60 /home/mobidvab/public_html/core/vendor/laravel/framework/src/Illuminate/Foundation/Http/Kernel.php(142): Illuminate\\Pipeline\\Pipeline->then()
#61 /home/mobidvab/public_html/core/vendor/laravel/framework/src/Illuminate/Foundation/Http/Kernel.php(111): Illuminate\\Foundation\\Http\\Kernel->sendRequestThroughRouter()
#62 /home/mobidvab/public_html/index.php(73): Illuminate\\Foundation\\Http\\Kernel->handle()
#63 {main}
"} 
[2023-11-07 04:53:43] production.ERROR: foreach() argument must be of type array|object, null given {"userId":1,"exception":"[object] (ErrorException(code: 0): foreach() argument must be of type array|object, null given at /home/mobidvab/public_html/core/app/Http/Controllers/Admin/ModulePageSettingsController.php:192)
[stacktrace]
#0 /home/mobidvab/public_html/core/app/Http/Controllers/Admin/ModulePageSettingsController.php(192): Illuminate\\Foundation\\Bootstrap\\HandleExceptions->handleError()
#1 /home/mobidvab/public_html/core/vendor/laravel/framework/src/Illuminate/Routing/Controller.php(54): App\\Http\\Controllers\\Admin\\ModulePageSettingsController->storeUserAuthPageSettings()
#2 /home/mobidvab/public_html/core/vendor/laravel/framework/src/Illuminate/Routing/ControllerDispatcher.php(45): Illuminate\\Routing\\Controller->callAction()
#3 /home/mobidvab/public_html/core/vendor/laravel/framework/src/Illuminate/Routing/Route.php(262): Illuminate\\Routing\\ControllerDispatcher->dispatch()
#4 /home/mobidvab/public_html/core/vendor/laravel/framework/src/Illuminate/Routing/Route.php(205): Illuminate\\Routing\\Route->runController()
#5 /home/mobidvab/public_html/core/vendor/laravel/framework/src/Illuminate/Routing/Router.php(721): Illuminate\\Routing\\Route->run()
#6 /home/mobidvab/public_html/core/vendor/laravel/framework/src/Illuminate/Pipeline/Pipeline.php(128): Illuminate\\Routing\\Router->Illuminate\\Routing\\{closure}()
#7 /home/mobidvab/public_html/core/vendor/spatie/laravel-permission/src/Middlewares/PermissionMiddleware.php(24): Illuminate\\Pipeline\\Pipeline->Illuminate\\Pipeline\\{closure}()
#8 /home/mobidvab/public_html/core/vendor/laravel/framework/src/Illuminate/Pipeline/Pipeline.php(167): Spatie\\Permission\\Middlewares\\PermissionMiddleware->handle()
#9 /home/mobidvab/public_html/core/vendor/spatie/laravel-permission/src/Middlewares/PermissionMiddleware.php(24): Illuminate\\Pipeline\\Pipeline->Illuminate\\Pipeline\\{closure}()
#10 /home/mobidvab/public_html/core/vendor/laravel/framework/src/Illuminate/Pipeline/Pipeline.php(167): Spatie\\Permission\\Middlewares\\PermissionMiddleware->handle()
#11 /home/mobidvab/public_html/core/vendor/spatie/laravel-permission/src/Middlewares/PermissionMiddleware.php(24): Illuminate\\Pipeline\\Pipeline->Illuminate\\Pipeline\\{closure}()
#12 /home/mobidvab/public_html/core/vendor/laravel/framework/src/Illuminate/Pipeline/Pipeline.php(167): Spatie\\Permission\\Middlewares\\PermissionMiddleware->handle()
#13 /home/mobidvab/public_html/core/vendor/spatie/laravel-permission/src/Middlewares/PermissionMiddleware.php(24): Illuminate\\Pipeline\\Pipeline->Illuminate\\Pipeline\\{closure}()
#14 /home/mobidvab/public_html/core/vendor/laravel/framework/src/Illuminate/Pipeline/Pipeline.php(167): Spatie\\Permission\\Middlewares\\PermissionMiddleware->handle()
#15 /home/mobidvab/public_html/core/vendor/spatie/laravel-permission/src/Middlewares/PermissionMiddleware.php(24): Illuminate\\Pipeline\\Pipeline->Illuminate\\Pipeline\\{closure}()
#16 /home/mobidvab/public_html/core/vendor/laravel/framework/src/Illuminate/Pipeline/Pipeline.php(167): Spatie\\Permission\\Middlewares\\PermissionMiddleware->handle()
#17 /home/mobidvab/public_html/core/vendor/spatie/laravel-permission/src/Middlewares/PermissionMiddleware.php(24): Illuminate\\Pipeline\\Pipeline->Illuminate\\Pipeline\\{closure}()
#18 /home/mobidvab/public_html/core/vendor/laravel/framework/src/Illuminate/Pipeline/Pipeline.php(167): Spatie\\Permission\\Middlewares\\PermissionMiddleware->handle()
#19 /home/mobidvab/public_html/core/vendor/spatie/laravel-permission/src/Middlewares/PermissionMiddleware.php(24): Illuminate\\Pipeline\\Pipeline->Illuminate\\Pipeline\\{closure}()
#20 /home/mobidvab/public_html/core/vendor/laravel/framework/src/Illuminate/Pipeline/Pipeline.php(167): Spatie\\Permission\\Middlewares\\PermissionMiddleware->handle()
#21 /home/mobidvab/public_html/core/app/Http/Middleware/AdminGlobalVariable.php(34): Illuminate\\Pipeline\\Pipeline->Illuminate\\Pipeline\\{closure}()
#22 /home/mobidvab/public_html/core/vendor/laravel/framework/src/Illuminate/Pipeline/Pipeline.php(167): App\\Http\\Middleware\\AdminGlobalVariable->handle()
#23 /home/mobidvab/public_html/core/app/Http/Middleware/SetLang.php(28): Illuminate\\Pipeline\\Pipeline->Illuminate\\Pipeline\\{closure}()
#24 /home/mobidvab/public_html/core/vendor/laravel/framework/src/Illuminate/Pipeline/Pipeline.php(167): App\\Http\\Middleware\\SetLang->handle()
#25 /home/mobidvab/public_html/core/vendor/laravel/framework/src/Illuminate/Routing/Middleware/SubstituteBindings.php(50): Illuminate\\Pipeline\\Pipeline->Illuminate\\Pipeline\\{closure}()
#26 /home/mobidvab/public_html/core/vendor/laravel/framework/src/Illuminate/Pipeline/Pipeline.php(167): Illuminate\\Routing\\Middleware\\SubstituteBindings->handle()
#27 /home/mobidvab/public_html/core/vendor/laravel/framework/src/Illuminate/Auth/Middleware/Authenticate.php(44): Illuminate\\Pipeline\\Pipeline->Illuminate\\Pipeline\\{closure}()
#28 /home/mobidvab/public_html/core/vendor/laravel/framework/src/Illuminate/Pipeline/Pipeline.php(167): Illuminate\\Auth\\Middleware\\Authenticate->handle()
#29 /home/mobidvab/public_html/core/vendor/laravel/framework/src/Illuminate/Foundation/Http/Middleware/VerifyCsrfToken.php(78): Illuminate\\Pipeline\\Pipeline->Illuminate\\Pipeline\\{closure}()
#30 /home/mobidvab/public_html/core/vendor/laravel/framework/src/Illuminate/Pipeline/Pipeline.php(167): Illuminate\\Foundation\\Http\\Middleware\\VerifyCsrfToken->handle()
#31 /home/mobidvab/public_html/core/vendor/laravel/framework/src/Illuminate/View/Middleware/ShareErrorsFromSession.php(49): Illuminate\\Pipeline\\Pipeline->Illuminate\\Pipeline\\{closure}()
#32 /home/mobidvab/public_html/core/vendor/laravel/framework/src/Illuminate/Pipeline/Pipeline.php(167): Illuminate\\View\\Middleware\\ShareErrorsFromSession->handle()
#33 /home/mobidvab/public_html/core/vendor/laravel/framework/src/Illuminate/Session/Middleware/StartSession.php(121): Illuminate\\Pipeline\\Pipeline->Illuminate\\Pipeline\\{closure}()
#34 /home/mobidvab/public_html/core/vendor/laravel/framework/src/Illuminate/Session/Middleware/StartSession.php(64): Illuminate\\Session\\Middleware\\StartSession->handleStatefulRequest()
#35 /home/mobidvab/public_html/core/vendor/laravel/framework/src/Illuminate/Pipeline/Pipeline.php(167): Illuminate\\Session\\Middleware\\StartSession->handle()
#36 /home/mobidvab/public_html/core/vendor/laravel/framework/src/Illuminate/Cookie/Middleware/AddQueuedCookiesToResponse.php(37): Illuminate\\Pipeline\\Pipeline->Illuminate\\Pipeline\\{closure}()
#37 /home/mobidvab/public_html/core/vendor/laravel/framework/src/Illuminate/Pipeline/Pipeline.php(167): Illuminate\\Cookie\\Middleware\\AddQueuedCookiesToResponse->handle()
#38 /home/mobidvab/public_html/core/vendor/laravel/framework/src/Illuminate/Cookie/Middleware/EncryptCookies.php(67): Illuminate\\Pipeline\\Pipeline->Illuminate\\Pipeline\\{closure}()
#39 /home/mobidvab/public_html/core/vendor/laravel/framework/src/Illuminate/Pipeline/Pipeline.php(167): Illuminate\\Cookie\\Middleware\\EncryptCookies->handle()
#40 /home/mobidvab/public_html/core/vendor/laravel/framework/src/Illuminate/Pipeline/Pipeline.php(103): Illuminate\\Pipeline\\Pipeline->Illuminate\\Pipeline\\{closure}()
#41 /home/mobidvab/public_html/core/vendor/laravel/framework/src/Illuminate/Routing/Router.php(723): Illuminate\\Pipeline\\Pipeline->then()
#42 /home/mobidvab/public_html/core/vendor/laravel/framework/src/Illuminate/Routing/Router.php(698): Illuminate\\Routing\\Router->runRouteWithinStack()
#43 /home/mobidvab/public_html/core/vendor/laravel/framework/src/Illuminate/Routing/Router.php(662): Illuminate\\Routing\\Router->runRoute()
#44 /home/mobidvab/public_html/core/vendor/laravel/framework/src/Illuminate/Routing/Router.php(651): Illuminate\\Routing\\Router->dispatchToRoute()
#45 /home/mobidvab/public_html/core/vendor/laravel/framework/src/Illuminate/Foundation/Http/Kernel.php(167): Illuminate\\Routing\\Router->dispatch()
#46 /home/mobidvab/public_html/core/vendor/laravel/framework/src/Illuminate/Pipeline/Pipeline.php(128): Illuminate\\Foundation\\Http\\Kernel->Illuminate\\Foundation\\Http\\{closure}()
#47 /home/mobidvab/public_html/core/vendor/laravel/framework/src/Illuminate/Foundation/Http/Middleware/TransformsRequest.php(21): Illuminate\\Pipeline\\Pipeline->Illuminate\\Pipeline\\{closure}()
#48 /home/mobidvab/public_html/core/vendor/laravel/framework/src/Illuminate/Foundation/Http/Middleware/ConvertEmptyStringsToNull.php(31): Illuminate\\Foundation\\Http\\Middleware\\TransformsRequest->handle()
#49 /home/mobidvab/public_html/core/vendor/laravel/framework/src/Illuminate/Pipeline/Pipeline.php(167): Illuminate\\Foundation\\Http\\Middleware\\ConvertEmptyStringsToNull->handle()
#50 /home/mobidvab/public_html/core/vendor/laravel/framework/src/Illuminate/Foundation/Http/Middleware/TransformsRequest.php(21): Illuminate\\Pipeline\\Pipeline->Illuminate\\Pipeline\\{closure}()
#51 /home/mobidvab/public_html/core/vendor/laravel/framework/src/Illuminate/Foundation/Http/Middleware/TrimStrings.php(40): Illuminate\\Foundation\\Http\\Middleware\\TransformsRequest->handle()
#52 /home/mobidvab/public_html/core/vendor/laravel/framework/src/Illuminate/Pipeline/Pipeline.php(167): Illuminate\\Foundation\\Http\\Middleware\\TrimStrings->handle()
#53 /home/mobidvab/public_html/core/vendor/laravel/framework/src/Illuminate/Foundation/Http/Middleware/ValidatePostSize.php(27): Illuminate\\Pipeline\\Pipeline->Illuminate\\Pipeline\\{closure}()
#54 /home/mobidvab/public_html/core/vendor/laravel/framework/src/Illuminate/Pipeline/Pipeline.php(167): Illuminate\\Foundation\\Http\\Middleware\\ValidatePostSize->handle()
#55 /home/mobidvab/public_html/core/vendor/laravel/framework/src/Illuminate/Foundation/Http/Middleware/PreventRequestsDuringMaintenance.php(86): Illuminate\\Pipeline\\Pipeline->Illuminate\\Pipeline\\{closure}()
#56 /home/mobidvab/public_html/core/vendor/laravel/framework/src/Illuminate/Pipeline/Pipeline.php(167): Illuminate\\Foundation\\Http\\Middleware\\PreventRequestsDuringMaintenance->handle()
#57 /home/mobidvab/public_html/core/vendor/fideloper/proxy/src/TrustProxies.php(57): Illuminate\\Pipeline\\Pipeline->Illuminate\\Pipeline\\{closure}()
#58 /home/mobidvab/public_html/core/vendor/laravel/framework/src/Illuminate/Pipeline/Pipeline.php(167): Fideloper\\Proxy\\TrustProxies->handle()
#59 /home/mobidvab/public_html/core/vendor/laravel/framework/src/Illuminate/Pipeline/Pipeline.php(103): Illuminate\\Pipeline\\Pipeline->Illuminate\\Pipeline\\{closure}()
#60 /home/mobidvab/public_html/core/vendor/laravel/framework/src/Illuminate/Foundation/Http/Kernel.php(142): Illuminate\\Pipeline\\Pipeline->then()
#61 /home/mobidvab/public_html/core/vendor/laravel/framework/src/Illuminate/Foundation/Http/Kernel.php(111): Illuminate\\Foundation\\Http\\Kernel->sendRequestThroughRouter()
#62 /home/mobidvab/public_html/index.php(73): Illuminate\\Foundation\\Http\\Kernel->handle()
#63 {main}
"} 
[2023-11-07 13:01:35] production.ERROR: Attempt to read property "name" on null {"exception":"[object] (ErrorException(code: 0): Attempt to read property \"name\" on null at /home/mobidvab/public_html/core/app/Http/Controllers/FrontendController.php:112)
[stacktrace]
#0 /home/mobidvab/public_html/core/app/Http/Controllers/FrontendController.php(112): Illuminate\\Foundation\\Bootstrap\\HandleExceptions->handleError()
#1 /home/mobidvab/public_html/core/vendor/laravel/framework/src/Illuminate/Routing/Controller.php(54): App\\Http\\Controllers\\FrontendController->category_wise_blog_page()
#2 /home/mobidvab/public_html/core/vendor/laravel/framework/src/Illuminate/Routing/ControllerDispatcher.php(45): Illuminate\\Routing\\Controller->callAction()
#3 /home/mobidvab/public_html/core/vendor/laravel/framework/src/Illuminate/Routing/Route.php(262): Illuminate\\Routing\\ControllerDispatcher->dispatch()
#4 /home/mobidvab/public_html/core/vendor/laravel/framework/src/Illuminate/Routing/Route.php(205): Illuminate\\Routing\\Route->runController()
#5 /home/mobidvab/public_html/core/vendor/laravel/framework/src/Illuminate/Routing/Router.php(721): Illuminate\\Routing\\Route->run()
#6 /home/mobidvab/public_html/core/vendor/laravel/framework/src/Illuminate/Pipeline/Pipeline.php(128): Illuminate\\Routing\\Router->Illuminate\\Routing\\{closure}()
#7 /home/mobidvab/public_html/core/app/Http/Middleware/MaintainsMode.php(22): Illuminate\\Pipeline\\Pipeline->Illuminate\\Pipeline\\{closure}()
#8 /home/mobidvab/public_html/core/vendor/laravel/framework/src/Illuminate/Pipeline/Pipeline.php(167): App\\Http\\Middleware\\MaintainsMode->handle()
#9 /home/mobidvab/public_html/core/app/Http/Middleware/GlobalVariableMiddleware.php(86): Illuminate\\Pipeline\\Pipeline->Illuminate\\Pipeline\\{closure}()
#10 /home/mobidvab/public_html/core/vendor/laravel/framework/src/Illuminate/Pipeline/Pipeline.php(167): App\\Http\\Middleware\\GlobalVariableMiddleware->handle()
#11 /home/mobidvab/public_html/core/app/Http/Middleware/SetLang.php(28): Illuminate\\Pipeline\\Pipeline->Illuminate\\Pipeline\\{closure}()
#12 /home/mobidvab/public_html/core/vendor/laravel/framework/src/Illuminate/Pipeline/Pipeline.php(167): App\\Http\\Middleware\\SetLang->handle()
#13 /home/mobidvab/public_html/core/vendor/laravel/framework/src/Illuminate/Routing/Middleware/SubstituteBindings.php(50): Illuminate\\Pipeline\\Pipeline->Illuminate\\Pipeline\\{closure}()
#14 /home/mobidvab/public_html/core/vendor/laravel/framework/src/Illuminate/Pipeline/Pipeline.php(167): Illuminate\\Routing\\Middleware\\SubstituteBindings->handle()
#15 /home/mobidvab/public_html/core/vendor/laravel/framework/src/Illuminate/Foundation/Http/Middleware/VerifyCsrfToken.php(78): Illuminate\\Pipeline\\Pipeline->Illuminate\\Pipeline\\{closure}()
#16 /home/mobidvab/public_html/core/vendor/laravel/framework/src/Illuminate/Pipeline/Pipeline.php(167): Illuminate\\Foundation\\Http\\Middleware\\VerifyCsrfToken->handle()
#17 /home/mobidvab/public_html/core/vendor/laravel/framework/src/Illuminate/View/Middleware/ShareErrorsFromSession.php(49): Illuminate\\Pipeline\\Pipeline->Illuminate\\Pipeline\\{closure}()
#18 /home/mobidvab/public_html/core/vendor/laravel/framework/src/Illuminate/Pipeline/Pipeline.php(167): Illuminate\\View\\Middleware\\ShareErrorsFromSession->handle()
#19 /home/mobidvab/public_html/core/vendor/laravel/framework/src/Illuminate/Session/Middleware/StartSession.php(121): Illuminate\\Pipeline\\Pipeline->Illuminate\\Pipeline\\{closure}()
#20 /home/mobidvab/public_html/core/vendor/laravel/framework/src/Illuminate/Session/Middleware/StartSession.php(64): Illuminate\\Session\\Middleware\\StartSession->handleStatefulRequest()
#21 /home/mobidvab/public_html/core/vendor/laravel/framework/src/Illuminate/Pipeline/Pipeline.php(167): Illuminate\\Session\\Middleware\\StartSession->handle()
#22 /home/mobidvab/public_html/core/vendor/laravel/framework/src/Illuminate/Cookie/Middleware/AddQueuedCookiesToResponse.php(37): Illuminate\\Pipeline\\Pipeline->Illuminate\\Pipeline\\{closure}()
#23 /home/mobidvab/public_html/core/vendor/laravel/framework/src/Illuminate/Pipeline/Pipeline.php(167): Illuminate\\Cookie\\Middleware\\AddQueuedCookiesToResponse->handle()
#24 /home/mobidvab/public_html/core/vendor/laravel/framework/src/Illuminate/Cookie/Middleware/EncryptCookies.php(67): Illuminate\\Pipeline\\Pipeline->Illuminate\\Pipeline\\{closure}()
#25 /home/mobidvab/public_html/core/vendor/laravel/framework/src/Illuminate/Pipeline/Pipeline.php(167): Illuminate\\Cookie\\Middleware\\EncryptCookies->handle()
#26 /home/mobidvab/public_html/core/vendor/laravel/framework/src/Illuminate/Pipeline/Pipeline.php(103): Illuminate\\Pipeline\\Pipeline->Illuminate\\Pipeline\\{closure}()
#27 /home/mobidvab/public_html/core/vendor/laravel/framework/src/Illuminate/Routing/Router.php(723): Illuminate\\Pipeline\\Pipeline->then()
#28 /home/mobidvab/public_html/core/vendor/laravel/framework/src/Illuminate/Routing/Router.php(698): Illuminate\\Routing\\Router->runRouteWithinStack()
#29 /home/mobidvab/public_html/core/vendor/laravel/framework/src/Illuminate/Routing/Router.php(662): Illuminate\\Routing\\Router->runRoute()
#30 /home/mobidvab/public_html/core/vendor/laravel/framework/src/Illuminate/Routing/Router.php(651): Illuminate\\Routing\\Router->dispatchToRoute()
#31 /home/mobidvab/public_html/core/vendor/laravel/framework/src/Illuminate/Foundation/Http/Kernel.php(167): Illuminate\\Routing\\Router->dispatch()
#32 /home/mobidvab/public_html/core/vendor/laravel/framework/src/Illuminate/Pipeline/Pipeline.php(128): Illuminate\\Foundation\\Http\\Kernel->Illuminate\\Foundation\\Http\\{closure}()
#33 /home/mobidvab/public_html/core/vendor/laravel/framework/src/Illuminate/Foundation/Http/Middleware/TransformsRequest.php(21): Illuminate\\Pipeline\\Pipeline->Illuminate\\Pipeline\\{closure}()
#34 /home/mobidvab/public_html/core/vendor/laravel/framework/src/Illuminate/Foundation/Http/Middleware/ConvertEmptyStringsToNull.php(31): Illuminate\\Foundation\\Http\\Middleware\\TransformsRequest->handle()
#35 /home/mobidvab/public_html/core/vendor/laravel/framework/src/Illuminate/Pipeline/Pipeline.php(167): Illuminate\\Foundation\\Http\\Middleware\\ConvertEmptyStringsToNull->handle()
#36 /home/mobidvab/public_html/core/vendor/laravel/framework/src/Illuminate/Foundation/Http/Middleware/TransformsRequest.php(21): Illuminate\\Pipeline\\Pipeline->Illuminate\\Pipeline\\{closure}()
#37 /home/mobidvab/public_html/core/vendor/laravel/framework/src/Illuminate/Foundation/Http/Middleware/TrimStrings.php(40): Illuminate\\Foundation\\Http\\Middleware\\TransformsRequest->handle()
#38 /home/mobidvab/public_html/core/vendor/laravel/framework/src/Illuminate/Pipeline/Pipeline.php(167): Illuminate\\Foundation\\Http\\Middleware\\TrimStrings->handle()
#39 /home/mobidvab/public_html/core/vendor/laravel/framework/src/Illuminate/Foundation/Http/Middleware/ValidatePostSize.php(27): Illuminate\\Pipeline\\Pipeline->Illuminate\\Pipeline\\{closure}()
#40 /home/mobidvab/public_html/core/vendor/laravel/framework/src/Illuminate/Pipeline/Pipeline.php(167): Illuminate\\Foundation\\Http\\Middleware\\ValidatePostSize->handle()
#41 /home/mobidvab/public_html/core/vendor/laravel/framework/src/Illuminate/Foundation/Http/Middleware/PreventRequestsDuringMaintenance.php(86): Illuminate\\Pipeline\\Pipeline->Illuminate\\Pipeline\\{closure}()
#42 /home/mobidvab/public_html/core/vendor/laravel/framework/src/Illuminate/Pipeline/Pipeline.php(167): Illuminate\\Foundation\\Http\\Middleware\\PreventRequestsDuringMaintenance->handle()
#43 /home/mobidvab/public_html/core/vendor/fideloper/proxy/src/TrustProxies.php(57): Illuminate\\Pipeline\\Pipeline->Illuminate\\Pipeline\\{closure}()
#44 /home/mobidvab/public_html/core/vendor/laravel/framework/src/Illuminate/Pipeline/Pipeline.php(167): Fideloper\\Proxy\\TrustProxies->handle()
#45 /home/mobidvab/public_html/core/vendor/laravel/framework/src/Illuminate/Pipeline/Pipeline.php(103): Illuminate\\Pipeline\\Pipeline->Illuminate\\Pipeline\\{closure}()
#46 /home/mobidvab/public_html/core/vendor/laravel/framework/src/Illuminate/Foundation/Http/Kernel.php(142): Illuminate\\Pipeline\\Pipeline->then()
#47 /home/mobidvab/public_html/core/vendor/laravel/framework/src/Illuminate/Foundation/Http/Kernel.php(111): Illuminate\\Foundation\\Http\\Kernel->sendRequestThroughRouter()
#48 /home/mobidvab/public_html/index.php(73): Illuminate\\Foundation\\Http\\Kernel->handle()
#49 {main}
"} 
